d:\code\week\test\svgeditor\ksvgeditor\x64\debug\kshapeparameter.obj
d:\code\week\test\svgeditor\ksvgeditor\x64\debug\kpentagram.obj
d:\code\week\test\svgeditor\ksvgeditor\x64\debug\main.obj
d:\code\week\test\svgeditor\ksvgeditor\x64\debug\kellipse.obj
d:\code\week\test\svgeditor\ksvgeditor\x64\debug\krect.obj
d:\code\week\test\svgeditor\ksvgeditor\x64\debug\kcircle.obj
d:\code\week\test\svgeditor\ksvgeditor\x64\debug\kcanvas.obj
d:\code\week\test\svgeditor\ksvgeditor\x64\debug\ksvgeditor.obj
d:\code\week\test\svgeditor\ksvgeditor\x64\debug\kpentagon.obj
d:\code\week\test\svgeditor\ksvgeditor\x64\debug\kborderstylebutton.obj
d:\code\week\test\svgeditor\ksvgeditor\x64\debug\kshape.obj
d:\code\week\test\svgeditor\ksvgeditor\x64\debug\kline.obj
d:\code\week\test\svgeditor\ksvgeditor\x64\debug\kshapefactory.obj
d:\code\week\test\svgeditor\ksvgeditor\x64\debug\khexagon.obj
d:\code\week\test\svgeditor\ksvgeditor\x64\debug\vc142.pdb
d:\code\week\test\svgeditor\ksvgeditor\x64\debug\qrc_ksvgeditor.obj
d:\code\week\test\svgeditor\ksvgeditor\x64\debug\moc_kborderstylebutton.obj
d:\code\week\test\svgeditor\ksvgeditor\x64\debug\moc_kshapefactory.obj
d:\code\week\test\svgeditor\ksvgeditor\x64\debug\moc_kshape.obj
d:\code\week\test\svgeditor\ksvgeditor\x64\debug\moc_kline.obj
d:\code\week\test\svgeditor\ksvgeditor\x64\debug\moc_kpentagram.obj
d:\code\week\test\svgeditor\ksvgeditor\x64\debug\moc_krect.obj
d:\code\week\test\svgeditor\ksvgeditor\x64\debug\moc_khexagon.obj
d:\code\week\test\svgeditor\ksvgeditor\x64\debug\moc_kcircle.obj
d:\code\week\test\svgeditor\ksvgeditor\x64\debug\moc_kellipse.obj
d:\code\week\test\svgeditor\ksvgeditor\x64\debug\moc_kcanvas.obj
d:\code\week\test\svgeditor\ksvgeditor\x64\debug\moc_kpentagon.obj
d:\code\week\test\svgeditor\ksvgeditor\x64\debug\moc_ksvgeditor.obj
d:\code\week\test\svgeditor(新增滚轮缩放功能)\ksvgeditor\x64\debug\uic\ui_ksvgeditor.h
d:\code\week\test\svgeditor(新增滚轮缩放功能)\ksvgeditor\x64\debug\rcc\qrc_ksvgeditor.cpp
d:\code\week\test\svgeditor(新增滚轮缩放功能)\ksvgeditor\x64\debug\moc\moc_ksvgeditor.cpp
d:\code\week\test\svgeditor(新增滚轮缩放功能)\ksvgeditor\x64\debug\moc\moc_kborderstylebutton.cpp
d:\code\week\test\svgeditor(新增滚轮缩放功能)\ksvgeditor\x64\debug\moc\moc_kcanvas.cpp
d:\code\week\test\svgeditor(新增滚轮缩放功能)\ksvgeditor\x64\debug\moc\moc_kcircle.cpp
d:\code\week\test\svgeditor(新增滚轮缩放功能)\ksvgeditor\x64\debug\moc\moc_khexagon.cpp
d:\code\week\test\svgeditor(新增滚轮缩放功能)\ksvgeditor\x64\debug\moc\moc_kline.cpp
d:\code\week\test\svgeditor(新增滚轮缩放功能)\ksvgeditor\x64\debug\moc\moc_kpentagon.cpp
d:\code\week\test\svgeditor(新增滚轮缩放功能)\ksvgeditor\x64\debug\moc\moc_kpentagram.cpp
d:\code\week\test\svgeditor(新增滚轮缩放功能)\ksvgeditor\x64\debug\moc\moc_krect.cpp
d:\code\week\test\svgeditor(新增滚轮缩放功能)\ksvgeditor\x64\debug\moc\moc_kshape.cpp
d:\code\week\test\svgeditor(新增滚轮缩放功能)\ksvgeditor\x64\debug\moc\moc_kshapefactory.cpp
d:\code\week\test\svgeditor(新增滚轮缩放功能)\ksvgeditor\x64\debug\moc\moc_kellipse.cpp
d:\code\week\test\svgeditor\ksvgeditor\x64\debug\uic\ui_ksvgeditor.h
d:\code\week\test\svgeditor\ksvgeditor\x64\debug\rcc\qrc_ksvgeditor.cpp
d:\code\week\test\svgeditor\ksvgeditor\x64\debug\moc\moc_kborderstylebutton.cpp
d:\code\week\test\svgeditor\ksvgeditor\x64\debug\moc\moc_kcircle.cpp
d:\code\week\test\svgeditor\ksvgeditor\x64\debug\moc\moc_khexagon.cpp
d:\code\week\test\svgeditor\ksvgeditor\x64\debug\moc\moc_kline.cpp
d:\code\week\test\svgeditor\ksvgeditor\x64\debug\moc\moc_kpentagon.cpp
d:\code\week\test\svgeditor\ksvgeditor\x64\debug\moc\moc_kpentagram.cpp
d:\code\week\test\svgeditor\ksvgeditor\x64\debug\moc\moc_krect.cpp
d:\code\week\test\svgeditor\ksvgeditor\x64\debug\moc\moc_kshapefactory.cpp
d:\code\week\test\svgeditor\ksvgeditor\x64\debug\moc\moc_ksvgeditor.cpp
d:\code\week\test\svgeditor\ksvgeditor\x64\debug\moc\moc_kcanvas.cpp
d:\code\week\test\svgeditor\ksvgeditor\x64\debug\moc\moc_kshape.cpp
d:\code\week\test\svgeditor\ksvgeditor\x64\debug\moc\moc_kellipse.cpp
d:\code\week\test\svgeditor\x64\debug\ksvgeditor.exe
d:\code\week\test\svgeditor\x64\debug\ksvgeditor.ilk
d:\code\week\test\svgeditor\x64\debug\ksvgeditor.pdb
d:\code\week\test\svgeditor\ksvgeditor\x64\debug\ksvgeditor.res
d:\code\week\test\svgeditor\ksvgeditor\x64\debug\ksvgeditor.tlog\cl.command.1.tlog
d:\code\week\test\svgeditor\ksvgeditor\x64\debug\ksvgeditor.tlog\cl.read.1.tlog
d:\code\week\test\svgeditor\ksvgeditor\x64\debug\ksvgeditor.tlog\cl.write.1.tlog
d:\code\week\test\svgeditor\ksvgeditor\x64\debug\ksvgeditor.tlog\ksvgeditor.write.1u.tlog
d:\code\week\test\svgeditor\ksvgeditor\x64\debug\ksvgeditor.tlog\link.command.1.tlog
d:\code\week\test\svgeditor\ksvgeditor\x64\debug\ksvgeditor.tlog\link.read.1.tlog
d:\code\week\test\svgeditor\ksvgeditor\x64\debug\ksvgeditor.tlog\link.write.1.tlog
d:\code\week\test\svgeditor\ksvgeditor\x64\debug\ksvgeditor.tlog\moc.read.1u.tlog
d:\code\week\test\svgeditor\ksvgeditor\x64\debug\ksvgeditor.tlog\moc.write.1u.tlog
d:\code\week\test\svgeditor\ksvgeditor\x64\debug\ksvgeditor.tlog\rc.command.1.tlog
d:\code\week\test\svgeditor\ksvgeditor\x64\debug\ksvgeditor.tlog\rc.read.1.tlog
d:\code\week\test\svgeditor\ksvgeditor\x64\debug\ksvgeditor.tlog\rc.write.1.tlog
d:\code\week\test\svgeditor\ksvgeditor\x64\debug\ksvgeditor.tlog\rcc.read.1u.tlog
d:\code\week\test\svgeditor\ksvgeditor\x64\debug\ksvgeditor.tlog\rcc.write.1u.tlog
d:\code\week\test\svgeditor\ksvgeditor\x64\debug\ksvgeditor.tlog\uic.read.1u.tlog
d:\code\week\test\svgeditor\ksvgeditor\x64\debug\ksvgeditor.tlog\uic.write.1u.tlog
